Analysis & Synthesis report for TopModule
Thu Oct 16 10:18:51 2025
Quartus Prime Version 24.1std.0 Build 1077 03/04/2025 SC Lite Edition


---------------------
; Table of Contents ;
---------------------
  1. Legal Notice
  2. Analysis & Synthesis Summary
  3. Analysis & Synthesis Settings
  4. Parallel Compilation
  5. Analysis & Synthesis Source Files Read
  6. Analysis & Synthesis Resource Usage Summary
  7. Analysis & Synthesis Resource Utilization by Entity
  8. Logic Cells Representing Combinational Loops
  9. Registers Removed During Synthesis
 10. General Register Statistics
 11. Multiplexer Restructuring Statistics (Restructuring Performed)
 12. Parameter Settings for User Entity Instance: m_digital_watch:t0|m_universal_counter:u0
 13. Parameter Settings for User Entity Instance: m_digital_watch:t0|m_universal_counter:u1
 14. Parameter Settings for User Entity Instance: m_digital_watch:t0|m_universal_counter:u2
 15. Parameter Settings for User Entity Instance: m_digital_watch:t0|m_universal_counter:u3
 16. Parameter Settings for User Entity Instance: m_seven_segment:u0
 17. Parameter Settings for User Entity Instance: m_seven_segment:u1
 18. Parameter Settings for User Entity Instance: m_seven_segment:u2
 19. Parameter Settings for User Entity Instance: m_seven_segment:u3
 20. Parameter Settings for User Entity Instance: m_seven_segment:u4
 21. Parameter Settings for User Entity Instance: m_seven_segment:u5
 22. Port Connectivity Checks: "m_digital_watch:t0|m_24h_counter:u4"
 23. Port Connectivity Checks: "m_digital_watch:t0|m_universal_counter:u3"
 24. Port Connectivity Checks: "m_digital_watch:t0|m_universal_counter:u2"
 25. Post-Synthesis Netlist Statistics for Top Partition
 26. Elapsed Time Per Partition
 27. Analysis & Synthesis Messages



----------------
; Legal Notice ;
----------------
Copyright (C) 2025  Altera Corporation. All rights reserved.
Your use of Altera Corporation's design tools, logic functions 
and other software and tools, and any partner logic 
functions, and any output files from any of the foregoing 
(including device programming or simulation files), and any 
associated documentation or information are expressly subject 
to the terms and conditions of the Altera Program License 
Subscription Agreement, the Altera Quartus Prime License Agreement,
the Altera IP License Agreement, or other applicable license
agreement, including, without limitation, that your use is for
the sole purpose of programming logic devices manufactured by
Altera and sold by Altera or its authorized distributors.  Please
refer to the Altera Software License Subscription Agreements 
on the Quartus Prime software download page.



+--------------------------------------------------------------------------------------+
; Analysis & Synthesis Summary                                                         ;
+------------------------------------+-------------------------------------------------+
; Analysis & Synthesis Status        ; Successful - Thu Oct 16 10:18:51 2025           ;
; Quartus Prime Version              ; 24.1std.0 Build 1077 03/04/2025 SC Lite Edition ;
; Revision Name                      ; TopModule                                       ;
; Top-level Entity Name              ; TopModule                                       ;
; Family                             ; MAX 10                                          ;
; Total logic elements               ; 181                                             ;
;     Total combinational functions  ; 178                                             ;
;     Dedicated logic registers      ; 69                                              ;
; Total registers                    ; 69                                              ;
; Total pins                         ; 72                                              ;
; Total virtual pins                 ; 0                                               ;
; Total memory bits                  ; 0                                               ;
; Embedded Multiplier 9-bit elements ; 0                                               ;
; Total PLLs                         ; 0                                               ;
; UFM blocks                         ; 0                                               ;
; ADC blocks                         ; 0                                               ;
+------------------------------------+-------------------------------------------------+


+------------------------------------------------------------------------------------------------------------+
; Analysis & Synthesis Settings                                                                              ;
+------------------------------------------------------------------+--------------------+--------------------+
; Option                                                           ; Setting            ; Default Value      ;
+------------------------------------------------------------------+--------------------+--------------------+
; Device                                                           ; 10M50DAF484C7G     ;                    ;
; Top-level entity name                                            ; TopModule          ; TopModule          ;
; Family name                                                      ; MAX 10             ; Cyclone V          ;
; Use smart compilation                                            ; Off                ; Off                ;
; Enable parallel Assembler and Timing Analyzer during compilation ; On                 ; On                 ;
; Enable compact report table                                      ; Off                ; Off                ;
; Restructure Multiplexers                                         ; Auto               ; Auto               ;
; Create Debugging Nodes for IP Cores                              ; Off                ; Off                ;
; Preserve fewer node names                                        ; On                 ; On                 ;
; Intel FPGA IP Evaluation Mode                                    ; Enable             ; Enable             ;
; Verilog Version                                                  ; Verilog_2001       ; Verilog_2001       ;
; VHDL Version                                                     ; VHDL_1993          ; VHDL_1993          ;
; State Machine Processing                                         ; Auto               ; Auto               ;
; Safe State Machine                                               ; Off                ; Off                ;
; Extract Verilog State Machines                                   ; On                 ; On                 ;
; Extract VHDL State Machines                                      ; On                 ; On                 ;
; Ignore Verilog initial constructs                                ; Off                ; Off                ;
; Iteration limit for constant Verilog loops                       ; 5000               ; 5000               ;
; Iteration limit for non-constant Verilog loops                   ; 250                ; 250                ;
; Add Pass-Through Logic to Inferred RAMs                          ; On                 ; On                 ;
; Infer RAMs from Raw Logic                                        ; On                 ; On                 ;
; Parallel Synthesis                                               ; On                 ; On                 ;
; DSP Block Balancing                                              ; Auto               ; Auto               ;
; NOT Gate Push-Back                                               ; On                 ; On                 ;
; Power-Up Don't Care                                              ; On                 ; On                 ;
; Remove Redundant Logic Cells                                     ; Off                ; Off                ;
; Remove Duplicate Registers                                       ; On                 ; On                 ;
; Ignore CARRY Buffers                                             ; Off                ; Off                ;
; Ignore CASCADE Buffers                                           ; Off                ; Off                ;
; Ignore GLOBAL Buffers                                            ; Off                ; Off                ;
; Ignore ROW GLOBAL Buffers                                        ; Off                ; Off                ;
; Ignore LCELL Buffers                                             ; Off                ; Off                ;
; Ignore SOFT Buffers                                              ; On                 ; On                 ;
; Limit AHDL Integers to 32 Bits                                   ; Off                ; Off                ;
; Optimization Technique                                           ; Balanced           ; Balanced           ;
; Carry Chain Length                                               ; 70                 ; 70                 ;
; Auto Carry Chains                                                ; On                 ; On                 ;
; Auto Open-Drain Pins                                             ; On                 ; On                 ;
; Perform WYSIWYG Primitive Resynthesis                            ; Off                ; Off                ;
; Auto ROM Replacement                                             ; On                 ; On                 ;
; Auto RAM Replacement                                             ; On                 ; On                 ;
; Auto DSP Block Replacement                                       ; On                 ; On                 ;
; Auto Shift Register Replacement                                  ; Auto               ; Auto               ;
; Allow Shift Register Merging across Hierarchies                  ; Auto               ; Auto               ;
; Auto Clock Enable Replacement                                    ; On                 ; On                 ;
; Strict RAM Replacement                                           ; Off                ; Off                ;
; Allow Synchronous Control Signals                                ; On                 ; On                 ;
; Force Use of Synchronous Clear Signals                           ; Off                ; Off                ;
; Auto RAM Block Balancing                                         ; On                 ; On                 ;
; Auto RAM to Logic Cell Conversion                                ; Off                ; Off                ;
; Auto Resource Sharing                                            ; Off                ; Off                ;
; Allow Any RAM Size For Recognition                               ; Off                ; Off                ;
; Allow Any ROM Size For Recognition                               ; Off                ; Off                ;
; Allow Any Shift Register Size For Recognition                    ; Off                ; Off                ;
; Use LogicLock Constraints during Resource Balancing              ; On                 ; On                 ;
; Ignore translate_off and synthesis_off directives                ; Off                ; Off                ;
; Timing-Driven Synthesis                                          ; On                 ; On                 ;
; Report Parameter Settings                                        ; On                 ; On                 ;
; Report Source Assignments                                        ; On                 ; On                 ;
; Report Connectivity Checks                                       ; On                 ; On                 ;
; Ignore Maximum Fan-Out Assignments                               ; Off                ; Off                ;
; Synchronization Register Chain Length                            ; 2                  ; 2                  ;
; Power Optimization During Synthesis                              ; Normal compilation ; Normal compilation ;
; HDL message level                                                ; Level2             ; Level2             ;
; Suppress Register Optimization Related Messages                  ; Off                ; Off                ;
; Number of Removed Registers Reported in Synthesis Report         ; 5000               ; 5000               ;
; Number of Swept Nodes Reported in Synthesis Report               ; 5000               ; 5000               ;
; Number of Inverted Registers Reported in Synthesis Report        ; 100                ; 100                ;
; Clock MUX Protection                                             ; On                 ; On                 ;
; Auto Gated Clock Conversion                                      ; Off                ; Off                ;
; Block Design Naming                                              ; Auto               ; Auto               ;
; SDC constraint protection                                        ; Off                ; Off                ;
; Synthesis Effort                                                 ; Auto               ; Auto               ;
; Shift Register Replacement - Allow Asynchronous Clear Signal     ; On                 ; On                 ;
; Pre-Mapping Resynthesis Optimization                             ; Off                ; Off                ;
; Analysis & Synthesis Message Level                               ; Medium             ; Medium             ;
; Disable Register Merging Across Hierarchies                      ; Auto               ; Auto               ;
; Resource Aware Inference For Block RAM                           ; On                 ; On                 ;
+------------------------------------------------------------------+--------------------+--------------------+


+------------------------------------------+
; Parallel Compilation                     ;
+----------------------------+-------------+
; Processors                 ; Number      ;
+----------------------------+-------------+
; Number detected on machine ; 16          ;
; Maximum allowed            ; 16          ;
;                            ;             ;
; Average used               ; 1.00        ;
; Maximum used               ; 16          ;
;                            ;             ;
; Usage by Processor         ; % Time Used ;
;     Processor 1            ; 100.0%      ;
;     Processor 2            ;   0.0%      ;
;     Processors 3-16        ;   0.0%      ;
+----------------------------+-------------+


+--------------------------------------------------------------------------------------------------------------------------------------------------------+
; Analysis & Synthesis Source Files Read                                                                                                                 ;
+----------------------------------+-----------------+------------------------+----------------------------------------------------------------+---------+
; File Name with User-Entered Path ; Used in Netlist ; File Type              ; File Name with Absolute Path                                   ; Library ;
+----------------------------------+-----------------+------------------------+----------------------------------------------------------------+---------+
; UniversalCounter.v               ; yes             ; User Verilog HDL File  ; /home/kazu/school/HDL/data/L15_DigitalWatch/UniversalCounter.v ;         ;
; TopModule.v                      ; yes             ; User Verilog HDL File  ; /home/kazu/school/HDL/data/L15_DigitalWatch/TopModule.v        ;         ;
; DititalWatch.v                   ; yes             ; User Verilog HDL File  ; /home/kazu/school/HDL/data/L15_DigitalWatch/DititalWatch.v     ;         ;
+----------------------------------+-----------------+------------------------+----------------------------------------------------------------+---------+


+----------------------------------------------------------+
; Analysis & Synthesis Resource Usage Summary              ;
+---------------------------------------------+------------+
; Resource                                    ; Usage      ;
+---------------------------------------------+------------+
; Estimated Total logic elements              ; 181        ;
;                                             ;            ;
; Total combinational functions               ; 178        ;
; Logic element usage by number of LUT inputs ;            ;
;     -- 4 input functions                    ; 76         ;
;     -- 3 input functions                    ; 11         ;
;     -- <=2 input functions                  ; 91         ;
;                                             ;            ;
; Logic elements by mode                      ;            ;
;     -- normal mode                          ; 112        ;
;     -- arithmetic mode                      ; 66         ;
;                                             ;            ;
; Total registers                             ; 69         ;
;     -- Dedicated logic registers            ; 69         ;
;     -- I/O registers                        ; 0          ;
;                                             ;            ;
; I/O pins                                    ; 72         ;
;                                             ;            ;
; Embedded Multiplier 9-bit elements          ; 0          ;
;                                             ;            ;
; Maximum fan-out node                        ; CLK1~input ;
; Maximum fan-out                             ; 42         ;
; Total fan-out                               ; 786        ;
; Average fan-out                             ; 2.01       ;
+---------------------------------------------+------------+


+---------------------------------------------------------------------------------------------------------------------------------------------------------------------------------------------------------------------------------------------------------------------------------+
; Analysis & Synthesis Resource Utilization by Entity                                                                                                                                                                                                                             ;
+--------------------------------+---------------------+---------------------------+-------------+------------+--------------+---------+-----------+------+--------------+------------+------------------------------------------------------+---------------------+--------------+
; Compilation Hierarchy Node     ; Combinational ALUTs ; Dedicated Logic Registers ; Memory Bits ; UFM Blocks ; DSP Elements ; DSP 9x9 ; DSP 18x18 ; Pins ; Virtual Pins ; ADC blocks ; Full Hierarchy Name                                  ; Entity Name         ; Library Name ;
+--------------------------------+---------------------+---------------------------+-------------+------------+--------------+---------+-----------+------+--------------+------------+------------------------------------------------------+---------------------+--------------+
; |TopModule                     ; 178 (0)             ; 69 (0)                    ; 0           ; 0          ; 0            ; 0       ; 0         ; 72   ; 0            ; 0          ; |TopModule                                           ; TopModule           ; work         ;
;    |m_1s_clk:clk0|             ; 46 (46)             ; 26 (26)                   ; 0           ; 0          ; 0            ; 0       ; 0         ; 0    ; 0            ; 0          ; |TopModule|m_1s_clk:clk0                             ; m_1s_clk            ; work         ;
;    |m_chattering:m0|           ; 15 (15)             ; 2 (2)                     ; 0           ; 0          ; 0            ; 0       ; 0         ; 0    ; 0            ; 0          ; |TopModule|m_chattering:m0                           ; m_chattering        ; work         ;
;    |m_chattering:m1|           ; 15 (15)             ; 2 (2)                     ; 0           ; 0          ; 0            ; 0       ; 0         ; 0    ; 0            ; 0          ; |TopModule|m_chattering:m1                           ; m_chattering        ; work         ;
;    |m_chattering:m2|           ; 15 (15)             ; 15 (15)                   ; 0           ; 0          ; 0            ; 0       ; 0         ; 0    ; 0            ; 0          ; |TopModule|m_chattering:m2                           ; m_chattering        ; work         ;
;    |m_digital_watch:t0|        ; 45 (5)              ; 24 (0)                    ; 0           ; 0          ; 0            ; 0       ; 0         ; 0    ; 0            ; 0          ; |TopModule|m_digital_watch:t0                        ; m_digital_watch     ; work         ;
;       |m_24h_counter:u4|       ; 15 (15)             ; 8 (8)                     ; 0           ; 0          ; 0            ; 0       ; 0         ; 0    ; 0            ; 0          ; |TopModule|m_digital_watch:t0|m_24h_counter:u4       ; m_24h_counter       ; work         ;
;       |m_rs_flipflop:r0|       ; 1 (1)               ; 0 (0)                     ; 0           ; 0          ; 0            ; 0       ; 0         ; 0    ; 0            ; 0          ; |TopModule|m_digital_watch:t0|m_rs_flipflop:r0       ; m_rs_flipflop       ; work         ;
;       |m_universal_counter:u0| ; 6 (6)               ; 4 (4)                     ; 0           ; 0          ; 0            ; 0       ; 0         ; 0    ; 0            ; 0          ; |TopModule|m_digital_watch:t0|m_universal_counter:u0 ; m_universal_counter ; work         ;
;       |m_universal_counter:u1| ; 6 (6)               ; 4 (4)                     ; 0           ; 0          ; 0            ; 0       ; 0         ; 0    ; 0            ; 0          ; |TopModule|m_digital_watch:t0|m_universal_counter:u1 ; m_universal_counter ; work         ;
;       |m_universal_counter:u2| ; 6 (6)               ; 4 (4)                     ; 0           ; 0          ; 0            ; 0       ; 0         ; 0    ; 0            ; 0          ; |TopModule|m_digital_watch:t0|m_universal_counter:u2 ; m_universal_counter ; work         ;
;       |m_universal_counter:u3| ; 6 (6)               ; 4 (4)                     ; 0           ; 0          ; 0            ; 0       ; 0         ; 0    ; 0            ; 0          ; |TopModule|m_digital_watch:t0|m_universal_counter:u3 ; m_universal_counter ; work         ;
;    |m_seven_segment:u0|        ; 7 (7)               ; 0 (0)                     ; 0           ; 0          ; 0            ; 0       ; 0         ; 0    ; 0            ; 0          ; |TopModule|m_seven_segment:u0                        ; m_seven_segment     ; work         ;
;    |m_seven_segment:u1|        ; 7 (7)               ; 0 (0)                     ; 0           ; 0          ; 0            ; 0       ; 0         ; 0    ; 0            ; 0          ; |TopModule|m_seven_segment:u1                        ; m_seven_segment     ; work         ;
;    |m_seven_segment:u2|        ; 7 (7)               ; 0 (0)                     ; 0           ; 0          ; 0            ; 0       ; 0         ; 0    ; 0            ; 0          ; |TopModule|m_seven_segment:u2                        ; m_seven_segment     ; work         ;
;    |m_seven_segment:u3|        ; 7 (7)               ; 0 (0)                     ; 0           ; 0          ; 0            ; 0       ; 0         ; 0    ; 0            ; 0          ; |TopModule|m_seven_segment:u3                        ; m_seven_segment     ; work         ;
;    |m_seven_segment:u4|        ; 7 (7)               ; 0 (0)                     ; 0           ; 0          ; 0            ; 0       ; 0         ; 0    ; 0            ; 0          ; |TopModule|m_seven_segment:u4                        ; m_seven_segment     ; work         ;
;    |m_seven_segment:u5|        ; 7 (7)               ; 0 (0)                     ; 0           ; 0          ; 0            ; 0       ; 0         ; 0    ; 0            ; 0          ; |TopModule|m_seven_segment:u5                        ; m_seven_segment     ; work         ;
+--------------------------------+---------------------+---------------------------+-------------+------------+--------------+---------+-----------+------+--------------+------------+------------------------------------------------------+---------------------+--------------+
Note: For table entries with two numbers listed, the numbers in parentheses indicate the number of resources of the given type used by the specific entity alone. The numbers listed outside of parentheses indicate the total resources of the given type used by the specific entity and all of its sub-entities in the hierarchy.


+------------------------------------------------------------+
; Logic Cells Representing Combinational Loops               ;
+--------------------------------------------------------+---+
; Logic Cell Name                                        ;   ;
+--------------------------------------------------------+---+
; m_digital_watch:t0|m_rs_flipflop:r0|q~0                ;   ;
; Number of logic cells representing combinational loops ; 1 ;
+--------------------------------------------------------+---+
Note: All cells listed above may not be present at the end of synthesis due to various synthesis optimizations.


+------------------------------------------------------------------------------+
; Registers Removed During Synthesis                                           ;
+----------------------------------------+-------------------------------------+
; Register name                          ; Reason for Removal                  ;
+----------------------------------------+-------------------------------------+
; m_chattering:m1|cnt[0]                 ; Merged with m_chattering:m2|cnt[0]  ;
; m_chattering:m0|cnt[0]                 ; Merged with m_chattering:m2|cnt[0]  ;
; m_chattering:m0|cnt[1]                 ; Merged with m_chattering:m2|cnt[1]  ;
; m_chattering:m1|cnt[1]                 ; Merged with m_chattering:m2|cnt[1]  ;
; m_chattering:m1|cnt[2]                 ; Merged with m_chattering:m2|cnt[2]  ;
; m_chattering:m0|cnt[2]                 ; Merged with m_chattering:m2|cnt[2]  ;
; m_chattering:m1|cnt[3]                 ; Merged with m_chattering:m2|cnt[3]  ;
; m_chattering:m0|cnt[3]                 ; Merged with m_chattering:m2|cnt[3]  ;
; m_chattering:m0|cnt[4]                 ; Merged with m_chattering:m2|cnt[4]  ;
; m_chattering:m1|cnt[4]                 ; Merged with m_chattering:m2|cnt[4]  ;
; m_chattering:m0|cnt[5]                 ; Merged with m_chattering:m2|cnt[5]  ;
; m_chattering:m1|cnt[5]                 ; Merged with m_chattering:m2|cnt[5]  ;
; m_chattering:m0|cnt[6]                 ; Merged with m_chattering:m2|cnt[6]  ;
; m_chattering:m1|cnt[6]                 ; Merged with m_chattering:m2|cnt[6]  ;
; m_chattering:m1|cnt[7]                 ; Merged with m_chattering:m2|cnt[7]  ;
; m_chattering:m0|cnt[7]                 ; Merged with m_chattering:m2|cnt[7]  ;
; m_chattering:m1|cnt[8]                 ; Merged with m_chattering:m2|cnt[8]  ;
; m_chattering:m0|cnt[8]                 ; Merged with m_chattering:m2|cnt[8]  ;
; m_chattering:m1|cnt[9]                 ; Merged with m_chattering:m2|cnt[9]  ;
; m_chattering:m0|cnt[9]                 ; Merged with m_chattering:m2|cnt[9]  ;
; m_chattering:m1|cnt[10]                ; Merged with m_chattering:m2|cnt[10] ;
; m_chattering:m0|cnt[10]                ; Merged with m_chattering:m2|cnt[10] ;
; m_chattering:m1|cnt[11]                ; Merged with m_chattering:m2|cnt[11] ;
; m_chattering:m0|cnt[11]                ; Merged with m_chattering:m2|cnt[11] ;
; m_chattering:m0|cnt[12]                ; Merged with m_chattering:m2|cnt[12] ;
; m_chattering:m1|cnt[12]                ; Merged with m_chattering:m2|cnt[12] ;
; m_chattering:m1|cnt[13]                ; Merged with m_chattering:m2|cnt[13] ;
; m_chattering:m0|cnt[13]                ; Merged with m_chattering:m2|cnt[13] ;
; m_chattering:m0|cnt[14]                ; Merged with m_chattering:m2|cnt[14] ;
; m_chattering:m1|cnt[14]                ; Merged with m_chattering:m2|cnt[14] ;
; m_chattering:m2|cnt[0]                 ; Merged with m_1s_clk:clk0|cnt[0]    ;
; m_chattering:m2|cnt[1]                 ; Merged with m_1s_clk:clk0|cnt[1]    ;
; Total Number of Removed Registers = 32 ;                                     ;
+----------------------------------------+-------------------------------------+


+------------------------------------------------------+
; General Register Statistics                          ;
+----------------------------------------------+-------+
; Statistic                                    ; Value ;
+----------------------------------------------+-------+
; Total registers                              ; 69    ;
; Number of registers using Synchronous Clear  ; 0     ;
; Number of registers using Synchronous Load   ; 0     ;
; Number of registers using Asynchronous Clear ; 8     ;
; Number of registers using Asynchronous Load  ; 0     ;
; Number of registers using Clock Enable       ; 16    ;
; Number of registers using Preset             ; 0     ;
+----------------------------------------------+-------+


+---------------------------------------------------------------------------------------------------------------------------------------------------------------------+
; Multiplexer Restructuring Statistics (Restructuring Performed)                                                                                                      ;
+--------------------+-----------+---------------+----------------------+------------------------+------------+-------------------------------------------------------+
; Multiplexer Inputs ; Bus Width ; Baseline Area ; Area if Restructured ; Saving if Restructured ; Registered ; Example Multiplexer Output                            ;
+--------------------+-----------+---------------+----------------------+------------------------+------------+-------------------------------------------------------+
; 3:1                ; 4 bits    ; 8 LEs         ; 4 LEs                ; 4 LEs                  ; Yes        ; |TopModule|m_digital_watch:t0|m_24h_counter:u4|cnt[5] ;
; 3:1                ; 4 bits    ; 8 LEs         ; 4 LEs                ; 4 LEs                  ; Yes        ; |TopModule|m_digital_watch:t0|m_24h_counter:u4|cnt[0] ;
+--------------------+-----------+---------------+----------------------+------------------------+------------+-------------------------------------------------------+


+----------------------------------------------------------------------------------------+
; Parameter Settings for User Entity Instance: m_digital_watch:t0|m_universal_counter:u0 ;
+----------------+-------+---------------------------------------------------------------+
; Parameter Name ; Value ; Type                                                          ;
+----------------+-------+---------------------------------------------------------------+
; maxcnt         ; 9     ; Signed Integer                                                ;
+----------------+-------+---------------------------------------------------------------+
Note: In order to hide this table in the UI and the text report file, please set the "Show Parameter Settings in Synthesis Report" option in "Analysis and Synthesis Settings -> More Settings" to "Off".


+----------------------------------------------------------------------------------------+
; Parameter Settings for User Entity Instance: m_digital_watch:t0|m_universal_counter:u1 ;
+----------------+-------+---------------------------------------------------------------+
; Parameter Name ; Value ; Type                                                          ;
+----------------+-------+---------------------------------------------------------------+
; maxcnt         ; 5     ; Signed Integer                                                ;
+----------------+-------+---------------------------------------------------------------+
Note: In order to hide this table in the UI and the text report file, please set the "Show Parameter Settings in Synthesis Report" option in "Analysis and Synthesis Settings -> More Settings" to "Off".


+----------------------------------------------------------------------------------------+
; Parameter Settings for User Entity Instance: m_digital_watch:t0|m_universal_counter:u2 ;
+----------------+-------+---------------------------------------------------------------+
; Parameter Name ; Value ; Type                                                          ;
+----------------+-------+---------------------------------------------------------------+
; maxcnt         ; 9     ; Signed Integer                                                ;
+----------------+-------+---------------------------------------------------------------+
Note: In order to hide this table in the UI and the text report file, please set the "Show Parameter Settings in Synthesis Report" option in "Analysis and Synthesis Settings -> More Settings" to "Off".


+----------------------------------------------------------------------------------------+
; Parameter Settings for User Entity Instance: m_digital_watch:t0|m_universal_counter:u3 ;
+----------------+-------+---------------------------------------------------------------+
; Parameter Name ; Value ; Type                                                          ;
+----------------+-------+---------------------------------------------------------------+
; maxcnt         ; 5     ; Signed Integer                                                ;
+----------------+-------+---------------------------------------------------------------+
Note: In order to hide this table in the UI and the text report file, please set the "Show Parameter Settings in Synthesis Report" option in "Analysis and Synthesis Settings -> More Settings" to "Off".


+-----------------------------------------------------------------+
; Parameter Settings for User Entity Instance: m_seven_segment:u0 ;
+----------------+-------+----------------------------------------+
; Parameter Name ; Value ; Type                                   ;
+----------------+-------+----------------------------------------+
; dot            ; 1     ; Signed Integer                         ;
+----------------+-------+----------------------------------------+
Note: In order to hide this table in the UI and the text report file, please set the "Show Parameter Settings in Synthesis Report" option in "Analysis and Synthesis Settings -> More Settings" to "Off".


+-----------------------------------------------------------------+
; Parameter Settings for User Entity Instance: m_seven_segment:u1 ;
+----------------+-------+----------------------------------------+
; Parameter Name ; Value ; Type                                   ;
+----------------+-------+----------------------------------------+
; dot            ; 1     ; Signed Integer                         ;
+----------------+-------+----------------------------------------+
Note: In order to hide this table in the UI and the text report file, please set the "Show Parameter Settings in Synthesis Report" option in "Analysis and Synthesis Settings -> More Settings" to "Off".


+-----------------------------------------------------------------+
; Parameter Settings for User Entity Instance: m_seven_segment:u2 ;
+----------------+-------+----------------------------------------+
; Parameter Name ; Value ; Type                                   ;
+----------------+-------+----------------------------------------+
; dot            ; 0     ; Signed Integer                         ;
+----------------+-------+----------------------------------------+
Note: In order to hide this table in the UI and the text report file, please set the "Show Parameter Settings in Synthesis Report" option in "Analysis and Synthesis Settings -> More Settings" to "Off".


+-----------------------------------------------------------------+
; Parameter Settings for User Entity Instance: m_seven_segment:u3 ;
+----------------+-------+----------------------------------------+
; Parameter Name ; Value ; Type                                   ;
+----------------+-------+----------------------------------------+
; dot            ; 1     ; Signed Integer                         ;
+----------------+-------+----------------------------------------+
Note: In order to hide this table in the UI and the text report file, please set the "Show Parameter Settings in Synthesis Report" option in "Analysis and Synthesis Settings -> More Settings" to "Off".


+-----------------------------------------------------------------+
; Parameter Settings for User Entity Instance: m_seven_segment:u4 ;
+----------------+-------+----------------------------------------+
; Parameter Name ; Value ; Type                                   ;
+----------------+-------+----------------------------------------+
; dot            ; 0     ; Signed Integer                         ;
+----------------+-------+----------------------------------------+
Note: In order to hide this table in the UI and the text report file, please set the "Show Parameter Settings in Synthesis Report" option in "Analysis and Synthesis Settings -> More Settings" to "Off".


+-----------------------------------------------------------------+
; Parameter Settings for User Entity Instance: m_seven_segment:u5 ;
+----------------+-------+----------------------------------------+
; Parameter Name ; Value ; Type                                   ;
+----------------+-------+----------------------------------------+
; dot            ; 1     ; Signed Integer                         ;
+----------------+-------+----------------------------------------+
Note: In order to hide this table in the UI and the text report file, please set the "Show Parameter Settings in Synthesis Report" option in "Analysis and Synthesis Settings -> More Settings" to "Off".


+-------------------------------------------------------------------------------------------------------------------+
; Port Connectivity Checks: "m_digital_watch:t0|m_24h_counter:u4"                                                   ;
+---------+--------+----------+-------------------------------------------------------------------------------------+
; Port    ; Type   ; Severity ; Details                                                                             ;
+---------+--------+----------+-------------------------------------------------------------------------------------+
; n_reset ; Input  ; Info     ; Stuck at VCC                                                                        ;
; c_out   ; Output ; Info     ; Connected to dangling logic. Logic that only feeds a dangling port will be removed. ;
+---------+--------+----------+-------------------------------------------------------------------------------------+


+-----------------------------------------------------------------------+
; Port Connectivity Checks: "m_digital_watch:t0|m_universal_counter:u3" ;
+---------+-------+----------+------------------------------------------+
; Port    ; Type  ; Severity ; Details                                  ;
+---------+-------+----------+------------------------------------------+
; n_reset ; Input ; Info     ; Stuck at VCC                             ;
+---------+-------+----------+------------------------------------------+


+-----------------------------------------------------------------------+
; Port Connectivity Checks: "m_digital_watch:t0|m_universal_counter:u2" ;
+---------+-------+----------+------------------------------------------+
; Port    ; Type  ; Severity ; Details                                  ;
+---------+-------+----------+------------------------------------------+
; n_reset ; Input ; Info     ; Stuck at VCC                             ;
+---------+-------+----------+------------------------------------------+


+-----------------------------------------------------+
; Post-Synthesis Netlist Statistics for Top Partition ;
+-----------------------+-----------------------------+
; Type                  ; Count                       ;
+-----------------------+-----------------------------+
; boundary_port         ; 72                          ;
; cycloneiii_ff         ; 69                          ;
;     CLR               ; 2                           ;
;     ENA               ; 10                          ;
;     ENA CLR           ; 6                           ;
;     plain             ; 51                          ;
; cycloneiii_lcell_comb ; 186                         ;
;     arith             ; 66                          ;
;         2 data inputs ; 63                          ;
;         3 data inputs ; 3                           ;
;     normal            ; 120                         ;
;         0 data inputs ; 2                           ;
;         1 data inputs ; 15                          ;
;         2 data inputs ; 19                          ;
;         3 data inputs ; 8                           ;
;         4 data inputs ; 76                          ;
;                       ;                             ;
; Max LUT depth         ; 5.00                        ;
; Average LUT depth     ; 2.73                        ;
+-----------------------+-----------------------------+


+-------------------------------+
; Elapsed Time Per Partition    ;
+----------------+--------------+
; Partition Name ; Elapsed Time ;
+----------------+--------------+
; Top            ; 00:00:00     ;
+----------------+--------------+


+-------------------------------+
; Analysis & Synthesis Messages ;
+-------------------------------+
Info: *******************************************************************
Info: Running Quartus Prime Analysis & Synthesis
    Info: Version 24.1std.0 Build 1077 03/04/2025 SC Lite Edition
    Info: Processing started: Thu Oct 16 10:18:43 2025
Info: Command: quartus_map --read_settings_files=on --write_settings_files=off L15_DigitalWatch -c TopModule
Warning (18236): Number of processors has not been specified which may cause overloading on shared machines.  Set the global assignment NUM_PARALLEL_PROCESSORS in your QSF to an appropriate value for best performance.
Info (20030): Parallel compilation is enabled and will use 16 of the 16 processors detected
Info (12021): Found 5 design units, including 5 entities, in source file UniversalCounter.v
    Info (12023): Found entity 1: m_24h_counter File: /home/kazu/school/HDL/data/L15_DigitalWatch/UniversalCounter.v Line: 2
    Info (12023): Found entity 2: m_universal_counter File: /home/kazu/school/HDL/data/L15_DigitalWatch/UniversalCounter.v Line: 31
    Info (12023): Found entity 3: m_chattering File: /home/kazu/school/HDL/data/L15_DigitalWatch/UniversalCounter.v Line: 55
    Info (12023): Found entity 4: m_rs_flipflop File: /home/kazu/school/HDL/data/L15_DigitalWatch/UniversalCounter.v Line: 76
    Info (12023): Found entity 5: m_seven_segment File: /home/kazu/school/HDL/data/L15_DigitalWatch/UniversalCounter.v Line: 83
Info (12021): Found 1 design units, including 1 entities, in source file TopModule.v
    Info (12023): Found entity 1: TopModule File: /home/kazu/school/HDL/data/L15_DigitalWatch/TopModule.v Line: 1
Info (12021): Found 2 design units, including 2 entities, in source file DititalWatch.v
    Info (12023): Found entity 1: m_1s_clk File: /home/kazu/school/HDL/data/L15_DigitalWatch/DititalWatch.v Line: 2
    Info (12023): Found entity 2: m_digital_watch File: /home/kazu/school/HDL/data/L15_DigitalWatch/DititalWatch.v Line: 23
Warning (10236): Verilog HDL Implicit Net warning at TopModule.v(27): created implicit net for "hset_btn" File: /home/kazu/school/HDL/data/L15_DigitalWatch/TopModule.v Line: 27
Info (12127): Elaborating entity "TopModule" for the top level hierarchy
Info (12128): Elaborating entity "m_chattering" for hierarchy "m_chattering:m0" File: /home/kazu/school/HDL/data/L15_DigitalWatch/TopModule.v Line: 28
Warning (10230): Verilog HDL assignment warning at UniversalCounter.v(64): truncated value with size 32 to match size of target (16) File: /home/kazu/school/HDL/data/L15_DigitalWatch/UniversalCounter.v Line: 64
Info (12128): Elaborating entity "m_1s_clk" for hierarchy "m_1s_clk:clk0" File: /home/kazu/school/HDL/data/L15_DigitalWatch/TopModule.v Line: 32
Warning (10230): Verilog HDL assignment warning at DititalWatch.v(15): truncated value with size 32 to match size of target (25) File: /home/kazu/school/HDL/data/L15_DigitalWatch/DititalWatch.v Line: 15
Info (12128): Elaborating entity "m_digital_watch" for hierarchy "m_digital_watch:t0" File: /home/kazu/school/HDL/data/L15_DigitalWatch/TopModule.v Line: 34
Info (12128): Elaborating entity "m_rs_flipflop" for hierarchy "m_digital_watch:t0|m_rs_flipflop:r0" File: /home/kazu/school/HDL/data/L15_DigitalWatch/DititalWatch.v Line: 42
Info (12128): Elaborating entity "m_universal_counter" for hierarchy "m_digital_watch:t0|m_universal_counter:u0" File: /home/kazu/school/HDL/data/L15_DigitalWatch/DititalWatch.v Line: 44
Warning (10230): Verilog HDL assignment warning at UniversalCounter.v(47): truncated value with size 32 to match size of target (4) File: /home/kazu/school/HDL/data/L15_DigitalWatch/UniversalCounter.v Line: 47
Info (12128): Elaborating entity "m_universal_counter" for hierarchy "m_digital_watch:t0|m_universal_counter:u1" File: /home/kazu/school/HDL/data/L15_DigitalWatch/DititalWatch.v Line: 45
Warning (10230): Verilog HDL assignment warning at UniversalCounter.v(47): truncated value with size 32 to match size of target (4) File: /home/kazu/school/HDL/data/L15_DigitalWatch/UniversalCounter.v Line: 47
Info (12128): Elaborating entity "m_24h_counter" for hierarchy "m_digital_watch:t0|m_24h_counter:u4" File: /home/kazu/school/HDL/data/L15_DigitalWatch/DititalWatch.v Line: 48
Warning (10230): Verilog HDL assignment warning at UniversalCounter.v(19): truncated value with size 32 to match size of target (4) File: /home/kazu/school/HDL/data/L15_DigitalWatch/UniversalCounter.v Line: 19
Warning (10230): Verilog HDL assignment warning at UniversalCounter.v(21): truncated value with size 32 to match size of target (4) File: /home/kazu/school/HDL/data/L15_DigitalWatch/UniversalCounter.v Line: 21
Info (12128): Elaborating entity "m_seven_segment" for hierarchy "m_seven_segment:u0" File: /home/kazu/school/HDL/data/L15_DigitalWatch/TopModule.v Line: 37
Warning (10230): Verilog HDL assignment warning at UniversalCounter.v(111): truncated value with size 39 to match size of target (8) File: /home/kazu/school/HDL/data/L15_DigitalWatch/UniversalCounter.v Line: 111
Info (12128): Elaborating entity "m_seven_segment" for hierarchy "m_seven_segment:u2" File: /home/kazu/school/HDL/data/L15_DigitalWatch/TopModule.v Line: 39
Warning (10230): Verilog HDL assignment warning at UniversalCounter.v(111): truncated value with size 39 to match size of target (8) File: /home/kazu/school/HDL/data/L15_DigitalWatch/UniversalCounter.v Line: 111
Warning (19016): Clock multiplexers are found and protected
    Warning (19017): Found clock multiplexer m_digital_watch:t0|clk_h File: /home/kazu/school/HDL/data/L15_DigitalWatch/DititalWatch.v Line: 35
    Warning (19017): Found clock multiplexer m_digital_watch:t0|clk_m File: /home/kazu/school/HDL/data/L15_DigitalWatch/DititalWatch.v Line: 35
Warning (13024): Output pins are stuck at VCC or GND
    Warning (13410): Pin "HEX0[7]" is stuck at VCC File: /home/kazu/school/HDL/data/L15_DigitalWatch/TopModule.v Line: 6
    Warning (13410): Pin "HEX1[7]" is stuck at VCC File: /home/kazu/school/HDL/data/L15_DigitalWatch/TopModule.v Line: 7
    Warning (13410): Pin "HEX2[7]" is stuck at GND File: /home/kazu/school/HDL/data/L15_DigitalWatch/TopModule.v Line: 8
    Warning (13410): Pin "HEX3[7]" is stuck at VCC File: /home/kazu/school/HDL/data/L15_DigitalWatch/TopModule.v Line: 9
    Warning (13410): Pin "HEX4[7]" is stuck at GND File: /home/kazu/school/HDL/data/L15_DigitalWatch/TopModule.v Line: 10
    Warning (13410): Pin "HEX5[7]" is stuck at VCC File: /home/kazu/school/HDL/data/L15_DigitalWatch/TopModule.v Line: 11
    Warning (13410): Pin "LED[0]" is stuck at GND File: /home/kazu/school/HDL/data/L15_DigitalWatch/TopModule.v Line: 15
    Warning (13410): Pin "LED[1]" is stuck at GND File: /home/kazu/school/HDL/data/L15_DigitalWatch/TopModule.v Line: 15
    Warning (13410): Pin "LED[2]" is stuck at GND File: /home/kazu/school/HDL/data/L15_DigitalWatch/TopModule.v Line: 15
    Warning (13410): Pin "LED[3]" is stuck at GND File: /home/kazu/school/HDL/data/L15_DigitalWatch/TopModule.v Line: 15
    Warning (13410): Pin "LED[4]" is stuck at GND File: /home/kazu/school/HDL/data/L15_DigitalWatch/TopModule.v Line: 15
    Warning (13410): Pin "LED[5]" is stuck at GND File: /home/kazu/school/HDL/data/L15_DigitalWatch/TopModule.v Line: 15
    Warning (13410): Pin "LED[6]" is stuck at GND File: /home/kazu/school/HDL/data/L15_DigitalWatch/TopModule.v Line: 15
    Warning (13410): Pin "LED[7]" is stuck at GND File: /home/kazu/school/HDL/data/L15_DigitalWatch/TopModule.v Line: 15
    Warning (13410): Pin "LED[8]" is stuck at GND File: /home/kazu/school/HDL/data/L15_DigitalWatch/TopModule.v Line: 15
    Warning (13410): Pin "LED[9]" is stuck at GND File: /home/kazu/school/HDL/data/L15_DigitalWatch/TopModule.v Line: 15
Info (286030): Timing-Driven Synthesis is running
Info (16010): Generating hard_block partition "hard_block:auto_generated_inst"
    Info (16011): Adding 0 node(s), including 0 DDIO, 0 PLL, 0 transceiver and 0 LCELL
Warning (21074): Design contains 10 input pin(s) that do not drive logic
    Warning (15610): No output dependent on input pin "CLK2" File: /home/kazu/school/HDL/data/L15_DigitalWatch/TopModule.v Line: 4
    Warning (15610): No output dependent on input pin "SW[1]" File: /home/kazu/school/HDL/data/L15_DigitalWatch/TopModule.v Line: 19
    Warning (15610): No output dependent on input pin "SW[2]" File: /home/kazu/school/HDL/data/L15_DigitalWatch/TopModule.v Line: 19
    Warning (15610): No output dependent on input pin "SW[3]" File: /home/kazu/school/HDL/data/L15_DigitalWatch/TopModule.v Line: 19
    Warning (15610): No output dependent on input pin "SW[4]" File: /home/kazu/school/HDL/data/L15_DigitalWatch/TopModule.v Line: 19
    Warning (15610): No output dependent on input pin "SW[5]" File: /home/kazu/school/HDL/data/L15_DigitalWatch/TopModule.v Line: 19
    Warning (15610): No output dependent on input pin "SW[6]" File: /home/kazu/school/HDL/data/L15_DigitalWatch/TopModule.v Line: 19
    Warning (15610): No output dependent on input pin "SW[7]" File: /home/kazu/school/HDL/data/L15_DigitalWatch/TopModule.v Line: 19
    Warning (15610): No output dependent on input pin "SW[8]" File: /home/kazu/school/HDL/data/L15_DigitalWatch/TopModule.v Line: 19
    Warning (15610): No output dependent on input pin "SW[9]" File: /home/kazu/school/HDL/data/L15_DigitalWatch/TopModule.v Line: 19
Info (21057): Implemented 253 device resources after synthesis - the final resource count might be different
    Info (21058): Implemented 14 input pins
    Info (21059): Implemented 58 output pins
    Info (21061): Implemented 181 logic cells
Info: Quartus Prime Analysis & Synthesis was successful. 0 errors, 41 warnings
    Info: Peak virtual memory: 479 megabytes
    Info: Processing ended: Thu Oct 16 10:18:51 2025
    Info: Elapsed time: 00:00:08
    Info: Total CPU time (on all processors): 00:00:23


