Analysis & Synthesis report for TopModule
Thu Dec 11 10:10:52 2025
Quartus Prime Version 24.1std.0 Build 1077 03/04/2025 SC Lite Edition


---------------------
; Table of Contents ;
---------------------
  1. Legal Notice
  2. Analysis & Synthesis Summary
  3. Analysis & Synthesis Settings
  4. Parallel Compilation
  5. Analysis & Synthesis Source Files Read
  6. Analysis & Synthesis Resource Usage Summary
  7. Analysis & Synthesis Resource Utilization by Entity
  8. Registers Removed During Synthesis
  9. General Register Statistics
 10. Multiplexer Restructuring Statistics (Restructuring Performed)
 11. Port Connectivity Checks: "m_rom:u6"
 12. Port Connectivity Checks: "m_rom:u5"
 13. Port Connectivity Checks: "m_rom:u4"
 14. Port Connectivity Checks: "m_rom:u3"
 15. Port Connectivity Checks: "m_rom:u2"
 16. Port Connectivity Checks: "m_rom:u1"
 17. Post-Synthesis Netlist Statistics for Top Partition
 18. Elapsed Time Per Partition
 19. Analysis & Synthesis Messages



----------------
; Legal Notice ;
----------------
Copyright (C) 2025  Altera Corporation. All rights reserved.
Your use of Altera Corporation's design tools, logic functions 
and other software and tools, and any partner logic 
functions, and any output files from any of the foregoing 
(including device programming or simulation files), and any 
associated documentation or information are expressly subject 
to the terms and conditions of the Altera Program License 
Subscription Agreement, the Altera Quartus Prime License Agreement,
the Altera IP License Agreement, or other applicable license
agreement, including, without limitation, that your use is for
the sole purpose of programming logic devices manufactured by
Altera and sold by Altera or its authorized distributors.  Please
refer to the Altera Software License Subscription Agreements 
on the Quartus Prime software download page.



+--------------------------------------------------------------------------------------+
; Analysis & Synthesis Summary                                                         ;
+------------------------------------+-------------------------------------------------+
; Analysis & Synthesis Status        ; Successful - Thu Dec 11 10:10:52 2025           ;
; Quartus Prime Version              ; 24.1std.0 Build 1077 03/04/2025 SC Lite Edition ;
; Revision Name                      ; TopModule                                       ;
; Top-level Entity Name              ; TopModule                                       ;
; Family                             ; MAX 10                                          ;
; Total logic elements               ; 80                                              ;
;     Total combinational functions  ; 80                                              ;
;     Dedicated logic registers      ; 29                                              ;
; Total registers                    ; 29                                              ;
; Total pins                         ; 72                                              ;
; Total virtual pins                 ; 0                                               ;
; Total memory bits                  ; 0                                               ;
; Embedded Multiplier 9-bit elements ; 0                                               ;
; Total PLLs                         ; 0                                               ;
; UFM blocks                         ; 0                                               ;
; ADC blocks                         ; 0                                               ;
+------------------------------------+-------------------------------------------------+


+------------------------------------------------------------------------------------------------------------+
; Analysis & Synthesis Settings                                                                              ;
+------------------------------------------------------------------+--------------------+--------------------+
; Option                                                           ; Setting            ; Default Value      ;
+------------------------------------------------------------------+--------------------+--------------------+
; Device                                                           ; 10M50DAF484C7G     ;                    ;
; Top-level entity name                                            ; TopModule          ; TopModule          ;
; Family name                                                      ; MAX 10             ; Cyclone V          ;
; Use smart compilation                                            ; Off                ; Off                ;
; Enable parallel Assembler and Timing Analyzer during compilation ; On                 ; On                 ;
; Enable compact report table                                      ; Off                ; Off                ;
; Restructure Multiplexers                                         ; Auto               ; Auto               ;
; Create Debugging Nodes for IP Cores                              ; Off                ; Off                ;
; Preserve fewer node names                                        ; On                 ; On                 ;
; Intel FPGA IP Evaluation Mode                                    ; Enable             ; Enable             ;
; Verilog Version                                                  ; Verilog_2001       ; Verilog_2001       ;
; VHDL Version                                                     ; VHDL_1993          ; VHDL_1993          ;
; State Machine Processing                                         ; Auto               ; Auto               ;
; Safe State Machine                                               ; Off                ; Off                ;
; Extract Verilog State Machines                                   ; On                 ; On                 ;
; Extract VHDL State Machines                                      ; On                 ; On                 ;
; Ignore Verilog initial constructs                                ; Off                ; Off                ;
; Iteration limit for constant Verilog loops                       ; 5000               ; 5000               ;
; Iteration limit for non-constant Verilog loops                   ; 250                ; 250                ;
; Add Pass-Through Logic to Inferred RAMs                          ; On                 ; On                 ;
; Infer RAMs from Raw Logic                                        ; On                 ; On                 ;
; Parallel Synthesis                                               ; On                 ; On                 ;
; DSP Block Balancing                                              ; Auto               ; Auto               ;
; NOT Gate Push-Back                                               ; On                 ; On                 ;
; Power-Up Don't Care                                              ; On                 ; On                 ;
; Remove Redundant Logic Cells                                     ; Off                ; Off                ;
; Remove Duplicate Registers                                       ; On                 ; On                 ;
; Ignore CARRY Buffers                                             ; Off                ; Off                ;
; Ignore CASCADE Buffers                                           ; Off                ; Off                ;
; Ignore GLOBAL Buffers                                            ; Off                ; Off                ;
; Ignore ROW GLOBAL Buffers                                        ; Off                ; Off                ;
; Ignore LCELL Buffers                                             ; Off                ; Off                ;
; Ignore SOFT Buffers                                              ; On                 ; On                 ;
; Limit AHDL Integers to 32 Bits                                   ; Off                ; Off                ;
; Optimization Technique                                           ; Balanced           ; Balanced           ;
; Carry Chain Length                                               ; 70                 ; 70                 ;
; Auto Carry Chains                                                ; On                 ; On                 ;
; Auto Open-Drain Pins                                             ; On                 ; On                 ;
; Perform WYSIWYG Primitive Resynthesis                            ; Off                ; Off                ;
; Auto ROM Replacement                                             ; On                 ; On                 ;
; Auto RAM Replacement                                             ; On                 ; On                 ;
; Auto DSP Block Replacement                                       ; On                 ; On                 ;
; Auto Shift Register Replacement                                  ; Auto               ; Auto               ;
; Allow Shift Register Merging across Hierarchies                  ; Auto               ; Auto               ;
; Auto Clock Enable Replacement                                    ; On                 ; On                 ;
; Strict RAM Replacement                                           ; Off                ; Off                ;
; Allow Synchronous Control Signals                                ; On                 ; On                 ;
; Force Use of Synchronous Clear Signals                           ; Off                ; Off                ;
; Auto RAM Block Balancing                                         ; On                 ; On                 ;
; Auto RAM to Logic Cell Conversion                                ; Off                ; Off                ;
; Auto Resource Sharing                                            ; Off                ; Off                ;
; Allow Any RAM Size For Recognition                               ; Off                ; Off                ;
; Allow Any ROM Size For Recognition                               ; Off                ; Off                ;
; Allow Any Shift Register Size For Recognition                    ; Off                ; Off                ;
; Use LogicLock Constraints during Resource Balancing              ; On                 ; On                 ;
; Ignore translate_off and synthesis_off directives                ; Off                ; Off                ;
; Timing-Driven Synthesis                                          ; On                 ; On                 ;
; Report Parameter Settings                                        ; On                 ; On                 ;
; Report Source Assignments                                        ; On                 ; On                 ;
; Report Connectivity Checks                                       ; On                 ; On                 ;
; Ignore Maximum Fan-Out Assignments                               ; Off                ; Off                ;
; Synchronization Register Chain Length                            ; 2                  ; 2                  ;
; Power Optimization During Synthesis                              ; Normal compilation ; Normal compilation ;
; HDL message level                                                ; Level2             ; Level2             ;
; Suppress Register Optimization Related Messages                  ; Off                ; Off                ;
; Number of Removed Registers Reported in Synthesis Report         ; 5000               ; 5000               ;
; Number of Swept Nodes Reported in Synthesis Report               ; 5000               ; 5000               ;
; Number of Inverted Registers Reported in Synthesis Report        ; 100                ; 100                ;
; Clock MUX Protection                                             ; On                 ; On                 ;
; Auto Gated Clock Conversion                                      ; Off                ; Off                ;
; Block Design Naming                                              ; Auto               ; Auto               ;
; SDC constraint protection                                        ; Off                ; Off                ;
; Synthesis Effort                                                 ; Auto               ; Auto               ;
; Shift Register Replacement - Allow Asynchronous Clear Signal     ; On                 ; On                 ;
; Pre-Mapping Resynthesis Optimization                             ; Off                ; Off                ;
; Analysis & Synthesis Message Level                               ; Medium             ; Medium             ;
; Disable Register Merging Across Hierarchies                      ; Auto               ; Auto               ;
; Resource Aware Inference For Block RAM                           ; On                 ; On                 ;
+------------------------------------------------------------------+--------------------+--------------------+


+------------------------------------------+
; Parallel Compilation                     ;
+----------------------------+-------------+
; Processors                 ; Number      ;
+----------------------------+-------------+
; Number detected on machine ; 16          ;
; Maximum allowed            ; 16          ;
;                            ;             ;
; Average used               ; 1.00        ;
; Maximum used               ; 16          ;
;                            ;             ;
; Usage by Processor         ; % Time Used ;
;     Processor 1            ; 100.0%      ;
;     Processor 2            ;   0.0%      ;
;     Processors 3-16        ;   0.0%      ;
+----------------------------+-------------+


+-----------------------------------------------------------------------------------------------------------------------------------------------+
; Analysis & Synthesis Source Files Read                                                                                                        ;
+----------------------------------+-----------------+------------------------+-------------------------------------------------------+---------+
; File Name with User-Entered Path ; Used in Netlist ; File Type              ; File Name with Absolute Path                          ; Library ;
+----------------------------------+-----------------+------------------------+-------------------------------------------------------+---------+
; TopModule.v                      ; yes             ; User Verilog HDL File  ; /home/kazu/school/HDL/report/data/L16_ROM/TopModule.v ;         ;
; Rom.v                            ; yes             ; User Verilog HDL File  ; /home/kazu/school/HDL/report/data/L16_ROM/Rom.v       ;         ;
+----------------------------------+-----------------+------------------------+-------------------------------------------------------+---------+


+------------------------------------------------------+
; Analysis & Synthesis Resource Usage Summary          ;
+---------------------------------------------+--------+
; Resource                                    ; Usage  ;
+---------------------------------------------+--------+
; Estimated Total logic elements              ; 80     ;
;                                             ;        ;
; Total combinational functions               ; 80     ;
; Logic element usage by number of LUT inputs ;        ;
;     -- 4 input functions                    ; 50     ;
;     -- 3 input functions                    ; 1      ;
;     -- <=2 input functions                  ; 29     ;
;                                             ;        ;
; Logic elements by mode                      ;        ;
;     -- normal mode                          ; 55     ;
;     -- arithmetic mode                      ; 25     ;
;                                             ;        ;
; Total registers                             ; 29     ;
;     -- Dedicated logic registers            ; 29     ;
;     -- I/O registers                        ; 0      ;
;                                             ;        ;
; I/O pins                                    ; 72     ;
;                                             ;        ;
; Embedded Multiplier 9-bit elements          ; 0      ;
;                                             ;        ;
; Maximum fan-out node                        ; cnt[0] ;
; Maximum fan-out                             ; 45     ;
; Total fan-out                               ; 458    ;
; Average fan-out                             ; 1.81   ;
+---------------------------------------------+--------+


+-----------------------------------------------------------------------------------------------------------------------------------------------------------------------------------------------------------------------------------------------+
; Analysis & Synthesis Resource Utilization by Entity                                                                                                                                                                                           ;
+----------------------------+---------------------+---------------------------+-------------+------------+--------------+---------+-----------+------+--------------+------------+------------------------------+---------------+--------------+
; Compilation Hierarchy Node ; Combinational ALUTs ; Dedicated Logic Registers ; Memory Bits ; UFM Blocks ; DSP Elements ; DSP 9x9 ; DSP 18x18 ; Pins ; Virtual Pins ; ADC blocks ; Full Hierarchy Name          ; Entity Name   ; Library Name ;
+----------------------------+---------------------+---------------------------+-------------+------------+--------------+---------+-----------+------+--------------+------------+------------------------------+---------------+--------------+
; |TopModule                 ; 80 (3)              ; 29 (3)                    ; 0           ; 0          ; 0            ; 0       ; 0         ; 72   ; 0            ; 0          ; |TopModule                   ; TopModule     ; work         ;
;    |m_prescale50M:tim|     ; 35 (35)             ; 26 (26)                   ; 0           ; 0          ; 0            ; 0       ; 0         ; 0    ; 0            ; 0          ; |TopModule|m_prescale50M:tim ; m_prescale50M ; work         ;
;    |m_rom:u1|              ; 7 (7)               ; 0 (0)                     ; 0           ; 0          ; 0            ; 0       ; 0         ; 0    ; 0            ; 0          ; |TopModule|m_rom:u1          ; m_rom         ; work         ;
;    |m_rom:u2|              ; 7 (7)               ; 0 (0)                     ; 0           ; 0          ; 0            ; 0       ; 0         ; 0    ; 0            ; 0          ; |TopModule|m_rom:u2          ; m_rom         ; work         ;
;    |m_rom:u3|              ; 7 (7)               ; 0 (0)                     ; 0           ; 0          ; 0            ; 0       ; 0         ; 0    ; 0            ; 0          ; |TopModule|m_rom:u3          ; m_rom         ; work         ;
;    |m_rom:u4|              ; 7 (7)               ; 0 (0)                     ; 0           ; 0          ; 0            ; 0       ; 0         ; 0    ; 0            ; 0          ; |TopModule|m_rom:u4          ; m_rom         ; work         ;
;    |m_rom:u5|              ; 7 (7)               ; 0 (0)                     ; 0           ; 0          ; 0            ; 0       ; 0         ; 0    ; 0            ; 0          ; |TopModule|m_rom:u5          ; m_rom         ; work         ;
;    |m_rom:u6|              ; 7 (7)               ; 0 (0)                     ; 0           ; 0          ; 0            ; 0       ; 0         ; 0    ; 0            ; 0          ; |TopModule|m_rom:u6          ; m_rom         ; work         ;
+----------------------------+---------------------+---------------------------+-------------+------------+--------------+---------+-----------+------+--------------+------------+------------------------------+---------------+--------------+
Note: For table entries with two numbers listed, the numbers in parentheses indicate the number of resources of the given type used by the specific entity alone. The numbers listed outside of parentheses indicate the total resources of the given type used by the specific entity and all of its sub-entities in the hierarchy.


+------------------------------------------------------------+
; Registers Removed During Synthesis                         ;
+---------------------------------------+--------------------+
; Register name                         ; Reason for Removal ;
+---------------------------------------+--------------------+
; cnt[3]                                ; Lost fanout        ;
; Total Number of Removed Registers = 1 ;                    ;
+---------------------------------------+--------------------+


+------------------------------------------------------+
; General Register Statistics                          ;
+----------------------------------------------+-------+
; Statistic                                    ; Value ;
+----------------------------------------------+-------+
; Total registers                              ; 29    ;
; Number of registers using Synchronous Clear  ; 26    ;
; Number of registers using Synchronous Load   ; 0     ;
; Number of registers using Asynchronous Clear ; 0     ;
; Number of registers using Asynchronous Load  ; 0     ;
; Number of registers using Clock Enable       ; 0     ;
; Number of registers using Preset             ; 0     ;
+----------------------------------------------+-------+


+------------------------------------------------------------------------------------------------------------------------------------------+
; Multiplexer Restructuring Statistics (Restructuring Performed)                                                                           ;
+--------------------+-----------+---------------+----------------------+------------------------+------------+----------------------------+
; Multiplexer Inputs ; Bus Width ; Baseline Area ; Area if Restructured ; Saving if Restructured ; Registered ; Example Multiplexer Output ;
+--------------------+-----------+---------------+----------------------+------------------------+------------+----------------------------+
; 9:1                ; 2 bits    ; 12 LEs        ; 6 LEs                ; 6 LEs                  ; No         ; |TopModule|m_rom:u6|dat[1] ;
; 9:1                ; 2 bits    ; 12 LEs        ; 6 LEs                ; 6 LEs                  ; No         ; |TopModule|m_rom:u5|dat[1] ;
; 9:1                ; 2 bits    ; 12 LEs        ; 10 LEs               ; 2 LEs                  ; No         ; |TopModule|m_rom:u3|dat[6] ;
; 9:1                ; 2 bits    ; 12 LEs        ; 10 LEs               ; 2 LEs                  ; No         ; |TopModule|m_rom:u4|dat[6] ;
+--------------------+-----------+---------------+----------------------+------------------------+------------+----------------------------+


+--------------------------------------------------------------------------------------------------------------------------------------------------------------------------------------------------------------+
; Port Connectivity Checks: "m_rom:u6"                                                                                                                                                                         ;
+------+-------+----------+------------------------------------------------------------------------------------------------------------------------------------------------------------------------------------+
; Port ; Type  ; Severity ; Details                                                                                                                                                                            ;
+------+-------+----------+------------------------------------------------------------------------------------------------------------------------------------------------------------------------------------+
; adr  ; Input ; Warning  ; Input port expression (32 bits) is wider than the input port (4 bits) it drives.  The 28 most-significant bit(s) in the expression will be dangling if they have no other fanouts. ;
+------+-------+----------+------------------------------------------------------------------------------------------------------------------------------------------------------------------------------------+


+--------------------------------------------------------------------------------------------------------------------------------------------------------------------------------------------------------------+
; Port Connectivity Checks: "m_rom:u5"                                                                                                                                                                         ;
+------+-------+----------+------------------------------------------------------------------------------------------------------------------------------------------------------------------------------------+
; Port ; Type  ; Severity ; Details                                                                                                                                                                            ;
+------+-------+----------+------------------------------------------------------------------------------------------------------------------------------------------------------------------------------------+
; adr  ; Input ; Warning  ; Input port expression (32 bits) is wider than the input port (4 bits) it drives.  The 28 most-significant bit(s) in the expression will be dangling if they have no other fanouts. ;
+------+-------+----------+------------------------------------------------------------------------------------------------------------------------------------------------------------------------------------+


+--------------------------------------------------------------------------------------------------------------------------------------------------------------------------------------------------------------+
; Port Connectivity Checks: "m_rom:u4"                                                                                                                                                                         ;
+------+-------+----------+------------------------------------------------------------------------------------------------------------------------------------------------------------------------------------+
; Port ; Type  ; Severity ; Details                                                                                                                                                                            ;
+------+-------+----------+------------------------------------------------------------------------------------------------------------------------------------------------------------------------------------+
; adr  ; Input ; Warning  ; Input port expression (32 bits) is wider than the input port (4 bits) it drives.  The 28 most-significant bit(s) in the expression will be dangling if they have no other fanouts. ;
+------+-------+----------+------------------------------------------------------------------------------------------------------------------------------------------------------------------------------------+


+--------------------------------------------------------------------------------------------------------------------------------------------------------------------------------------------------------------+
; Port Connectivity Checks: "m_rom:u3"                                                                                                                                                                         ;
+------+-------+----------+------------------------------------------------------------------------------------------------------------------------------------------------------------------------------------+
; Port ; Type  ; Severity ; Details                                                                                                                                                                            ;
+------+-------+----------+------------------------------------------------------------------------------------------------------------------------------------------------------------------------------------+
; adr  ; Input ; Warning  ; Input port expression (32 bits) is wider than the input port (4 bits) it drives.  The 28 most-significant bit(s) in the expression will be dangling if they have no other fanouts. ;
+------+-------+----------+------------------------------------------------------------------------------------------------------------------------------------------------------------------------------------+


+--------------------------------------------------------------------------------------------------------------------------------------------------------------------------------------------------------------+
; Port Connectivity Checks: "m_rom:u2"                                                                                                                                                                         ;
+------+-------+----------+------------------------------------------------------------------------------------------------------------------------------------------------------------------------------------+
; Port ; Type  ; Severity ; Details                                                                                                                                                                            ;
+------+-------+----------+------------------------------------------------------------------------------------------------------------------------------------------------------------------------------------+
; adr  ; Input ; Warning  ; Input port expression (32 bits) is wider than the input port (4 bits) it drives.  The 28 most-significant bit(s) in the expression will be dangling if they have no other fanouts. ;
+------+-------+----------+------------------------------------------------------------------------------------------------------------------------------------------------------------------------------------+


+--------------------------------------------------------------------------------------------------------------------------------------------------------------------------------------------------------------+
; Port Connectivity Checks: "m_rom:u1"                                                                                                                                                                         ;
+------+-------+----------+------------------------------------------------------------------------------------------------------------------------------------------------------------------------------------+
; Port ; Type  ; Severity ; Details                                                                                                                                                                            ;
+------+-------+----------+------------------------------------------------------------------------------------------------------------------------------------------------------------------------------------+
; adr  ; Input ; Warning  ; Input port expression (32 bits) is wider than the input port (4 bits) it drives.  The 28 most-significant bit(s) in the expression will be dangling if they have no other fanouts. ;
+------+-------+----------+------------------------------------------------------------------------------------------------------------------------------------------------------------------------------------+


+-----------------------------------------------------+
; Post-Synthesis Netlist Statistics for Top Partition ;
+-----------------------+-----------------------------+
; Type                  ; Count                       ;
+-----------------------+-----------------------------+
; boundary_port         ; 72                          ;
; cycloneiii_ff         ; 29                          ;
;     SCLR              ; 26                          ;
;     plain             ; 3                           ;
; cycloneiii_lcell_comb ; 92                          ;
;     arith             ; 25                          ;
;         2 data inputs ; 25                          ;
;     normal            ; 67                          ;
;         0 data inputs ; 2                           ;
;         1 data inputs ; 12                          ;
;         2 data inputs ; 2                           ;
;         3 data inputs ; 1                           ;
;         4 data inputs ; 50                          ;
;                       ;                             ;
; Max LUT depth         ; 3.50                        ;
; Average LUT depth     ; 2.18                        ;
+-----------------------+-----------------------------+


+-------------------------------+
; Elapsed Time Per Partition    ;
+----------------+--------------+
; Partition Name ; Elapsed Time ;
+----------------+--------------+
; Top            ; 00:00:00     ;
+----------------+--------------+


+-------------------------------+
; Analysis & Synthesis Messages ;
+-------------------------------+
Info: *******************************************************************
Info: Running Quartus Prime Analysis & Synthesis
    Info: Version 24.1std.0 Build 1077 03/04/2025 SC Lite Edition
    Info: Processing started: Thu Dec 11 10:10:46 2025
Info: Command: quartus_map --read_settings_files=on --write_settings_files=off L16_ROM -c TopModule
Warning (18236): Number of processors has not been specified which may cause overloading on shared machines.  Set the global assignment NUM_PARALLEL_PROCESSORS in your QSF to an appropriate value for best performance.
Info (20030): Parallel compilation is enabled and will use 16 of the 16 processors detected
Info (12021): Found 1 design units, including 1 entities, in source file TopModule.v
    Info (12023): Found entity 1: TopModule File: /home/kazu/school/HDL/report/data/L16_ROM/TopModule.v Line: 1
Info (12021): Found 2 design units, including 2 entities, in source file Rom.v
    Info (12023): Found entity 1: m_rom File: /home/kazu/school/HDL/report/data/L16_ROM/Rom.v Line: 1
    Info (12023): Found entity 2: m_prescale50M File: /home/kazu/school/HDL/report/data/L16_ROM/Rom.v Line: 49
Info (12127): Elaborating entity "TopModule" for the top level hierarchy
Warning (10230): Verilog HDL assignment warning at TopModule.v(26): truncated value with size 32 to match size of target (4) File: /home/kazu/school/HDL/report/data/L16_ROM/TopModule.v Line: 26
Warning (10034): Output port "LED[9..1]" at TopModule.v(15) has no driver File: /home/kazu/school/HDL/report/data/L16_ROM/TopModule.v Line: 15
Info (12128): Elaborating entity "m_prescale50M" for hierarchy "m_prescale50M:tim" File: /home/kazu/school/HDL/report/data/L16_ROM/TopModule.v Line: 23
Info (12128): Elaborating entity "m_rom" for hierarchy "m_rom:u1" File: /home/kazu/school/HDL/report/data/L16_ROM/TopModule.v Line: 31
Warning (10235): Verilog HDL Always Construct warning at Rom.v(5): variable "sw" is read inside the Always Construct but isn't in the Always Construct's Event Control File: /home/kazu/school/HDL/report/data/L16_ROM/Rom.v Line: 5
Warning (12241): 6 hierarchies have connectivity warnings - see the Connectivity Checks report folder
Warning (13024): Output pins are stuck at VCC or GND
    Warning (13410): Pin "HEX0[7]" is stuck at VCC File: /home/kazu/school/HDL/report/data/L16_ROM/TopModule.v Line: 6
    Warning (13410): Pin "HEX1[7]" is stuck at VCC File: /home/kazu/school/HDL/report/data/L16_ROM/TopModule.v Line: 7
    Warning (13410): Pin "HEX2[7]" is stuck at VCC File: /home/kazu/school/HDL/report/data/L16_ROM/TopModule.v Line: 8
    Warning (13410): Pin "HEX3[7]" is stuck at VCC File: /home/kazu/school/HDL/report/data/L16_ROM/TopModule.v Line: 9
    Warning (13410): Pin "HEX4[7]" is stuck at VCC File: /home/kazu/school/HDL/report/data/L16_ROM/TopModule.v Line: 10
    Warning (13410): Pin "HEX5[7]" is stuck at VCC File: /home/kazu/school/HDL/report/data/L16_ROM/TopModule.v Line: 11
    Warning (13410): Pin "LED[1]" is stuck at GND File: /home/kazu/school/HDL/report/data/L16_ROM/TopModule.v Line: 15
    Warning (13410): Pin "LED[2]" is stuck at GND File: /home/kazu/school/HDL/report/data/L16_ROM/TopModule.v Line: 15
    Warning (13410): Pin "LED[3]" is stuck at GND File: /home/kazu/school/HDL/report/data/L16_ROM/TopModule.v Line: 15
    Warning (13410): Pin "LED[4]" is stuck at GND File: /home/kazu/school/HDL/report/data/L16_ROM/TopModule.v Line: 15
    Warning (13410): Pin "LED[5]" is stuck at GND File: /home/kazu/school/HDL/report/data/L16_ROM/TopModule.v Line: 15
    Warning (13410): Pin "LED[6]" is stuck at GND File: /home/kazu/school/HDL/report/data/L16_ROM/TopModule.v Line: 15
    Warning (13410): Pin "LED[7]" is stuck at GND File: /home/kazu/school/HDL/report/data/L16_ROM/TopModule.v Line: 15
    Warning (13410): Pin "LED[8]" is stuck at GND File: /home/kazu/school/HDL/report/data/L16_ROM/TopModule.v Line: 15
    Warning (13410): Pin "LED[9]" is stuck at GND File: /home/kazu/school/HDL/report/data/L16_ROM/TopModule.v Line: 15
Info (286030): Timing-Driven Synthesis is running
Info (17049): 1 registers lost all their fanouts during netlist optimizations.
Info (16010): Generating hard_block partition "hard_block:auto_generated_inst"
    Info (16011): Adding 0 node(s), including 0 DDIO, 0 PLL, 0 transceiver and 0 LCELL
Warning (21074): Design contains 12 input pin(s) that do not drive logic
    Warning (15610): No output dependent on input pin "CLK2" File: /home/kazu/school/HDL/report/data/L16_ROM/TopModule.v Line: 4
    Warning (15610): No output dependent on input pin "BTN[0]" File: /home/kazu/school/HDL/report/data/L16_ROM/TopModule.v Line: 13
    Warning (15610): No output dependent on input pin "BTN[1]" File: /home/kazu/school/HDL/report/data/L16_ROM/TopModule.v Line: 13
    Warning (15610): No output dependent on input pin "SW[1]" File: /home/kazu/school/HDL/report/data/L16_ROM/TopModule.v Line: 19
    Warning (15610): No output dependent on input pin "SW[2]" File: /home/kazu/school/HDL/report/data/L16_ROM/TopModule.v Line: 19
    Warning (15610): No output dependent on input pin "SW[3]" File: /home/kazu/school/HDL/report/data/L16_ROM/TopModule.v Line: 19
    Warning (15610): No output dependent on input pin "SW[4]" File: /home/kazu/school/HDL/report/data/L16_ROM/TopModule.v Line: 19
    Warning (15610): No output dependent on input pin "SW[5]" File: /home/kazu/school/HDL/report/data/L16_ROM/TopModule.v Line: 19
    Warning (15610): No output dependent on input pin "SW[6]" File: /home/kazu/school/HDL/report/data/L16_ROM/TopModule.v Line: 19
    Warning (15610): No output dependent on input pin "SW[7]" File: /home/kazu/school/HDL/report/data/L16_ROM/TopModule.v Line: 19
    Warning (15610): No output dependent on input pin "SW[8]" File: /home/kazu/school/HDL/report/data/L16_ROM/TopModule.v Line: 19
    Warning (15610): No output dependent on input pin "SW[9]" File: /home/kazu/school/HDL/report/data/L16_ROM/TopModule.v Line: 19
Info (21057): Implemented 152 device resources after synthesis - the final resource count might be different
    Info (21058): Implemented 14 input pins
    Info (21059): Implemented 58 output pins
    Info (21061): Implemented 80 logic cells
Info: Quartus Prime Analysis & Synthesis was successful. 0 errors, 34 warnings
    Info: Peak virtual memory: 470 megabytes
    Info: Processing ended: Thu Dec 11 10:10:52 2025
    Info: Elapsed time: 00:00:06
    Info: Total CPU time (on all processors): 00:00:16


